<?xml version="1.0" encoding="UTF-8"?>
<!-- Generated by org.testng.reporters.JUnitReportReporter -->
<testsuite ignored="0" hostname="DESKTOP-NP9Q0C4" failures="0" tests="20" name="test_case.test_appeal_0" time="0.001" errors="1" timestamp="25 6月 2019 08:55:30 GMT" skipped="19">
  <testcase classname="test_case.test_appeal_0" name="before_class" time="0.000">
    <error message="Index 0 out of bounds for length 0" type="java.lang.IndexOutOfBoundsException">
      <![CDATA[java.lang.IndexOutOfBoundsException: Index 0 out of bounds for length 0
	at java.base/jdk.internal.util.Preconditions.outOfBounds(Preconditions.java:64)
	at java.base/jdk.internal.util.Preconditions.outOfBoundsCheckIndex(Preconditions.java:70)
	at java.base/jdk.internal.util.Preconditions.checkIndex(Preconditions.java:248)
	at java.base/java.util.Objects.checkIndex(Objects.java:372)
	at java.base/java.util.ArrayList.get(ArrayList.java:458)
	at test_case.User.login_and_return_token(User.java:570)
	at test_case.test_appeal_0.before_class(test_appeal_0.java:143)
	at java.base/jdk.internal.reflect.NativeMethodAccessorImpl.invoke0(Native Method)
	at java.base/jdk.internal.reflect.NativeMethodAccessorImpl.invoke(NativeMethodAccessorImpl.java:62)
	at java.base/jdk.internal.reflect.DelegatingMethodAccessorImpl.invoke(DelegatingMethodAccessorImpl.java:43)
	at java.base/java.lang.reflect.Method.invoke(Method.java:567)
	at org.testng.internal.MethodInvocationHelper.invokeMethod(MethodInvocationHelper.java:104)
	at org.testng.internal.Invoker.invokeConfigurationMethod(Invoker.java:515)
	at org.testng.internal.Invoker.invokeConfigurations(Invoker.java:217)
	at org.testng.internal.Invoker.invokeConfigurations(Invoker.java:144)
	at org.testng.internal.TestMethodWorker.invokeBeforeClassMethods(TestMethodWorker.java:169)
	at org.testng.internal.TestMethodWorker.run(TestMethodWorker.java:108)
	at java.base/java.util.concurrent.ThreadPoolExecutor.runWorker(ThreadPoolExecutor.java:1128)
	at java.base/java.util.concurrent.ThreadPoolExecutor$Worker.run(ThreadPoolExecutor.java:628)
	at java.base/java.lang.Thread.run(Thread.java:835)
]]>
    </error>
  </testcase> <!-- before_class -->
  <testcase classname="test_case.test_appeal_0" name="test_appeal_0_8" time="0.000">
    <skipped/>
  </testcase> <!-- test_appeal_0_8 -->
  <testcase classname="test_case.test_appeal_0" name="test_appeal_0_9" time="0.000">
    <skipped/>
  </testcase> <!-- test_appeal_0_9 -->
  <testcase classname="test_case.test_appeal_0" name="test_appeal_0_2" time="0.000">
    <skipped/>
  </testcase> <!-- test_appeal_0_2 -->
  <testcase classname="test_case.test_appeal_0" name="test_appeal_0_13" time="0.000">
    <skipped/>
  </testcase> <!-- test_appeal_0_13 -->
  <testcase classname="test_case.test_appeal_0" name="test_appeal_0_6" time="0.000">
    <skipped/>
  </testcase> <!-- test_appeal_0_6 -->
  <testcase classname="test_case.test_appeal_0" name="test_appeal_0_15" time="0.000">
    <skipped/>
  </testcase> <!-- test_appeal_0_15 -->
  <testcase classname="test_case.test_appeal_0" name="test_appeal_0_19" time="0.000">
    <skipped/>
  </testcase> <!-- test_appeal_0_19 -->
  <testcase classname="test_case.test_appeal_0" name="test_appeal_0_18" time="0.000">
    <skipped/>
  </testcase> <!-- test_appeal_0_18 -->
  <testcase classname="test_case.test_appeal_0" name="test_appeal_0_17" time="0.000">
    <skipped/>
  </testcase> <!-- test_appeal_0_17 -->
  <testcase classname="test_case.test_appeal_0" name="test_appeal_0_1" time="0.001">
    <skipped/>
  </testcase> <!-- test_appeal_0_1 -->
  <testcase classname="test_case.test_appeal_0" name="test_appeal_0_12" time="0.000">
    <skipped/>
  </testcase> <!-- test_appeal_0_12 -->
  <testcase classname="test_case.test_appeal_0" name="test_appeal_0_5" time="0.000">
    <skipped/>
  </testcase> <!-- test_appeal_0_5 -->
  <testcase classname="test_case.test_appeal_0" name="test_appeal_0_7" time="0.000">
    <skipped/>
  </testcase> <!-- test_appeal_0_7 -->
  <testcase classname="test_case.test_appeal_0" name="test_appeal_0_10" time="0.000">
    <skipped/>
  </testcase> <!-- test_appeal_0_10 -->
  <testcase classname="test_case.test_appeal_0" name="test_appeal_0_11" time="0.000">
    <skipped/>
  </testcase> <!-- test_appeal_0_11 -->
  <testcase classname="test_case.test_appeal_0" name="test_appeal_0_14" time="0.000">
    <skipped/>
  </testcase> <!-- test_appeal_0_14 -->
  <testcase classname="test_case.test_appeal_0" name="test_appeal_0_3" time="0.000">
    <skipped/>
  </testcase> <!-- test_appeal_0_3 -->
  <testcase classname="test_case.test_appeal_0" name="test_appeal_0_4" time="0.000">
    <skipped/>
  </testcase> <!-- test_appeal_0_4 -->
  <testcase classname="test_case.test_appeal_0" name="test_appeal_0_16" time="0.000">
    <skipped/>
  </testcase> <!-- test_appeal_0_16 -->
</testsuite> <!-- test_case.test_appeal_0 -->
